<?xml version="1.0" encoding="UTF-8"?>
<!-- Generated by org.testng.reporters.JUnitReportReporter -->
<testsuite hostname="silu-PC" name="hmiteratioin" tests="1" failures="0" timestamp="27 Oct 2014 00:16:11 GMT" time="0.050" errors="0">
  <testcase name="abcd" time="0.050" classname="hmiteratioin"/>
</testsuite> <!-- hmiteratioin -->
