<?xml version="1.0" encoding="UTF-8"?>
<!-- Generated by org.testng.reporters.JUnitReportReporter -->
<testsuite hostname="silu-PC" name="practice.NumberReverse" tests="1" failures="0" timestamp="27 Oct 2014 00:24:08 GMT" time="0.000" errors="0">
  <testcase name="number" time="0.000" classname="practice.NumberReverse"/>
</testsuite> <!-- practice.NumberReverse -->
